input	filtered	denoisedF	denoisedR	merged	nonchim
1_1	40437	31044	28825	28855	24434	24235
1_2	44735	33424	31223	30897	25951	25539
1_3	40114	31303	28944	29070	24488	24205
10gEP114	37260	28554	26903	26982	23991	23157
10gHD4371	42966	33501	29455	29578	22568	22140
10gHD4379	42794	33492	30181	30191	23228	22736
10gHD4397	20153	15804	14351	14079	10742	10604
114-2152-PSME	40045	30141	29039	29096	27004	26447
114-2164-PSME	55244	41872	40149	40290	36700	34791
114-2170-4-NODE3	57063	44175	41931	41844	37265	35755
114-2177-1-NODE3	38060	28951	27640	27462	24954	24716
114-2191-1-ARME	32164	25135	24142	24142	22335	22239
114-2203-1-NODE3	30561	23914	23027	22927	21228	20974
114-2211-2-NODE3	42856	32846	31529	31529	28975	28613
114-2228-2-ARME	35191	26810	25380	25216	21856	21503
114-2237-PSME	34403	26433	24878	24984	21962	21562
114-2277-NODE3	50761	39981	38012	38082	33757	32415
114-center-rebar	45663	35712	34074	34083	31142	30532
114-east-rebar	52554	41306	39092	39159	34563	33203
114-north-rebar	32268	23779	22465	22442	20269	19766
114-south-rebar	51330	40008	38185	38281	34963	33160
114-west-rebar	42739	32635	31470	31363	28814	27987
2_1	39984	32148	29659	29568	25331	24827
2_2	43128	33116	30448	30328	25644	24934
2_3	43158	32784	30223	29979	25557	25072
3_1	37316	28387	26435	26333	21925	21840
3_2	40927	30735	28476	28471	23694	23557
3_3	37114	28056	26213	26128	22321	22252
4_1	34714	27224	25034	24952	21627	21474
4_2	38032	29113	26755	26584	22516	22239
4_3	33827	26465	24136	23976	20439	20210
5_1	59058	45360	42393	42417	36367	35766
5_2	46740	36081	33556	33566	28476	28259
5_3	33537	25836	23883	23877	19876	19755
6_1	44580	34122	31404	31307	26988	26642
6_2	38109	29597	27353	27118	23222	23047
6_3	43078	32748	30282	30105	25878	25638
7_1	37803	28625	26539	26571	22217	22164
7_2	44298	33205	30961	31025	25958	25707
7_3	69977	53629	50194	50302	43619	42898
8_1	35717	27085	24905	24697	21028	20965
8_2	39233	30555	28245	28076	24123	23884
8_3	36831	28050	25787	25581	21732	21509
emptyextraction	3371	2569	2548	2554	2540	2540
HD3901-S1-4401	39163	30481	27839	27885	23245	22552
HD3902-S1-4400	47885	36356	34036	33884	29144	28771
HD4301-S1	43796	33393	30283	30385	24918	23634
HD4303-S1	39836	29522	27797	27818	24047	23440
HD4304-S1	35690	27526	25240	25192	21468	20257
HD4305-S1	32810	24742	22982	22980	19983	19603
HD4306-S1	37348	28733	27030	27032	23826	23350
HD4307-S1	25190	19956	17996	17823	14223	13910
HD4308-S1	46455	35089	31510	31607	24906	24307
HD4309-S1	42935	33958	30208	30188	23973	23515
HD4310-S1	42323	32671	29618	29437	24298	23425
HD4311-S1	33077	25546	23285	23337	19063	18302
HD4312-S1	34311	26763	24306	24257	19580	19019
HD4313-S1	23433	18617	17058	16882	13152	12997
HD4314-S1	25832	20723	18361	18124	13821	13538
HD4315-S1	29796	22600	20551	20408	16868	16684
HD4316-S1	42121	33666	30646	30629	24724	24509
HD4317-S1	33785	26161	23091	22998	18144	18144
HD4318-S1	28914	23331	20526	20543	15554	15438
HD4319-S1	25189	19850	17892	17746	14081	13905
HD4320-S1	25707	20208	18753	18608	15789	15459
HD4321-S10	28536	22791	20785	20744	17257	17036
HD4321-S11	30375	24152	21659	21480	16807	16599
HD4321-S111_19	23835	18423	16847	16591	13368	13261
HD4321-S112_9	32639	25535	23520	23519	19699	19559
HD4321-S12	46886	36161	31900	31599	24444	24444
HD4321-S13	49927	39518	35244	35268	27547	27015
HD4321-S14	43401	32944	30212	30118	25046	24303
HD4321-S15	36334	28293	25228	25017	19951	19916
HD4321-S16	37805	29838	26773	26762	21519	20960
HD4321-S17	30918	24206	21780	21560	17168	16820
HD4321-S18	32227	25068	22341	22293	16842	16630
HD4321-S19	52821	41705	38017	37824	30261	29796
HD4321-S2	17951	13551	12175	12034	9370	9370
HD4321-S20	45286	35577	32672	32745	27660	26704
HD4321-S3	27316	21589	19730	19694	16252	16222
HD4321-S4	36930	28357	26533	26618	23412	23131
HD4321-S5	35734	28167	25258	25044	19653	19613
HD4321-S6	34771	27003	24477	24540	20053	19816
HD4321-S7	46908	36204	33226	33228	26657	26378
HD4321-S8	35136	28018	25870	25895	21927	21492
HD4321-S9	40644	32169	29374	29417	24248	23587
HD4322-S1	25081	20287	18248	18252	14672	14558
HD4323-S1	29897	23238	20938	20878	16688	16518
HD4324-S1	28003	22877	20051	20192	15767	15760
HD4325-S1	36359	28460	26102	26068	21393	21191
HD4326-S1	29814	22856	20867	20734	16776	16462
HD4327-S1	27105	20272	19086	19072	16729	16725
HD4328-S1	27184	21001	19045	18886	14687	14687
HD4329-S1	17560	13864	12694	12539	9964	9960
HD4330-S1	16297	12561	11069	10734	8050	8029
HD4331-S1	20015	14543	13604	13496	11572	11552
HD4332-S1	39145	29687	27269	27447	23877	23453
HD4333-S1	30780	24179	21967	21834	18166	17863
HD4334-S1	32177	24851	22929	22793	19153	18139
HD4335-S1	38876	29785	26956	26955	21765	21424
HD4336-S10	17387	13455	12593	12483	10454	10436
HD4336-S11	20056	16059	14776	14739	12105	11961
HD4336-S111_23	39884	30500	28002	27822	22992	22371
HD4336-S112_15	31487	25267	23237	23151	19309	18768
HD4336-S12	34150	26337	23372	23386	18322	18140
HD4336-S13	30291	23320	21540	21375	17633	17415
HD4336-S14	28429	21406	19811	19782	16377	16091
HD4336-S15	25423	20119	18423	18556	14962	14709
HD4336-S16	21493	17007	15209	15114	11946	11739
HD4336-S17	17126	14167	13111	12919	10634	10464
HD4336-S18	28490	23021	21664	21635	19038	18941
HD4336-S19	29311	22700	20954	20705	17070	17067
HD4336-S2	14610	11397	10285	10373	8368	8368
HD4336-S20	59420	47599	44106	44180	37204	36831
HD4336-S3	39553	29993	27761	27745	22951	22217
HD4336-S4	41040	32207	29561	29495	24755	24201
HD4336-S5	39031	29878	27158	27137	21848	21427
HD4336-S6	27777	21602	19616	19471	15688	15491
HD4336-S7	26119	20390	18444	18313	14491	14429
HD4336-S8	28399	22066	20222	20023	16054	15902
HD4336-S9	30934	24289	22225	22215	17723	17466
HD4337-S1	30547	23259	21132	21087	17389	16880
HD4338-S1	31150	24050	21683	21545	16927	16524
HD4339-S1	24452	18934	17208	17208	13976	13759
HD4340-S1	44044	33372	28922	28329	20965	20890
HD4341-S1	31262	25179	22032	21891	16818	16568
HD4342-S1	27787	21560	19262	19152	15002	14813
HD4343-S1	33368	26019	24279	24188	20736	20466
HD4344-S1	26249	20631	18370	18224	14063	13873
HD4345-S1	26476	20469	18165	17991	13718	13320
HD4346-S1	29736	22720	20508	20538	16512	16123
HD4347-S1	32999	25840	23340	23372	18996	18725
HD4348-S1	32319	25706	23299	23228	18950	18414
HD4349-S1	36132	27181	24603	24558	19709	19234
HD4350-S1	26729	20534	18842	18839	15850	15505
HD4351-S1	35124	27525	25156	24990	20761	20486
HD4352-S1	30973	25083	23123	23038	19107	18960
HD4353-S1	28549	22646	20682	20608	16989	16821
HD4354-S1	34597	27161	24807	24476	20128	20026
HD4355-S1	39480	30689	27836	27887	22901	22327
HD4356-S1	21419	19022	17070	17018	14706	13742
HD4357-S1	26442	20199	18216	18022	14112	13913
HD4358-S1	26778	20682	18835	18640	15194	14659
HD4359-S1	29123	22740	20827	20740	17450	17162
HD4360-S1	28157	22186	19969	19757	15958	15593
HD4361-S1	23257	18288	16183	16251	12511	12379
HD4362-S1	29682	22789	20454	20241	16252	16129
HD4363-S1	64031	47193	43980	43864	37983	36477
HD4364-S1	55503	42505	38532	38334	30739	30465
HD4365-S1	50449	39508	35995	35996	29604	29560
HD4366-S1	55926	43647	40386	40319	34140	33811
HD4367-S1	49960	38218	35068	34868	28967	28375
HD4368-S1	43433	34965	32500	32283	27907	27313
HD4369-S1	57181	45067	41548	41596	34729	33610
HD4370-S1	64433	50345	45486	45539	36228	35741
HD4371-S10	54662	43861	39561	39337	31076	30565
HD4371-S11	45174	35466	32188	32019	26069	26061
HD4371-S112_6	61154	48572	44603	44682	37356	36386
HD4371-S112_7	80121	62854	58161	58023	48987	47943
HD4371-S12	42591	33038	30733	30903	26160	25936
HD4371-S13	40931	32023	29166	29110	23632	23303
HD4371-S14	33599	26173	23992	24008	19822	19544
HD4371-S15	33844	27591	24885	24703	18934	18822
HD4371-S16	34938	28773	26520	26419	22033	21899
HD4371-S17	53566	41090	37064	36744	28857	28565
HD4371-S18	67883	52860	48352	48261	39175	38588
HD4371-S19	28883	23631	21896	21698	18271	18036
HD4371-S2	67782	52722	48710	48805	41309	40029
HD4371-S20	31464	25282	22709	22662	17924	17792
HD4371-S3	41606	34924	32775	32566	28755	27068
HD4371-S4	41617	32072	29185	29166	23023	23005
HD4371-S5	44183	34683	31837	31715	26393	25668
HD4371-S6	37934	28737	27014	26947	23421	22184
HD4371-S7	37319	28531	26346	26250	22012	21556
HD4371-S8	41233	32437	30122	29845	25649	25200
HD4371-S9	62175	49805	45776	45710	37593	36793
HD4372-S1	48909	38848	36394	36421	31607	30687
HD4373-S1	41463	32815	30796	30713	26808	25913
HD4374-S1	46899	36138	33670	33498	28827	28200
HD4375-S1	28832	23281	21306	21122	17321	17154
HD4376-S1	39358	30669	28697	28718	25098	24945
HD4377-S1	42555	33177	31281	31183	27901	27085
HD4378-S1	55699	43407	39492	39379	32060	31737
HD4379-S10	27608	21124	19378	19250	16237	16053
HD4379-S11	18389	13871	12232	12205	8938	8821
HD4379-S112_13	46422	36536	33233	33167	27037	26609
HD4379-S112_2	45715	35053	32475	32337	26372	26345
HD4379-S12	24418	19100	17289	17226	13576	13499
HD4379-S13	22589	17561	15911	15746	12585	12479
HD4379-S14	26180	20652	18872	18637	14976	14880
HD4379-S15	27567	22030	19883	19594	15731	15593
HD4379-S16	57077	44256	40576	40378	33284	32182
HD4379-S17	50956	40129	36715	36782	30291	29758
HD4379-S18	31551	27649	25114	25140	20765	20544
HD4379-S19	48100	37317	33960	33923	27547	27396
HD4379-S2	30470	23422	21541	21482	17878	17398
HD4379-S20	25873	20491	19126	19121	16132	15958
HD4379-S3	26520	20614	18436	18347	13833	13653
HD4379-S4	31335	24637	22333	22460	18475	18237
HD4379-S5	28389	21834	20152	20299	16874	16733
HD4379-S6	24408	18941	17016	17023	13563	13548
HD4379-S7	31393	24230	22456	22261	19055	18696
HD4379-S8	41488	32527	30017	29826	24803	23584
HD4379-S9	39564	30898	27355	27360	20652	20258
HD4380-S1	34940	27758	25659	25573	21119	20920
HD4381-S1	39743	29604	27845	27955	24493	23797
HD4382-S1	36012	27434	25111	25097	20431	20110
HD4383-S1	35970	28091	25561	25335	20394	20290
HD4384-S1	36586	28103	25498	25475	20439	20308
HD4385-S1	42318	32458	30316	30189	25926	25512
HD4386-S1	50280	39063	35681	35331	29351	29028
HD4387-S1	40863	32256	29737	29860	25268	25077
HD4388-S1	19513	14839	13459	13306	10836	10836
HD4389-S1	24302	18936	17185	17193	13746	13741
HD4390-S1	91755	70974	65545	65421	55313	54662
HD4391-S1	68520	53548	50372	50366	43953	43662
HD4392-S1	20593	16453	14927	14873	11564	11564
HD4393-S1	29390	22530	20498	20412	16121	16095
HD4394-S1	54368	43197	40359	40340	34991	33823
HD4395-S1	60341	45988	42536	42566	35546	34287
HD4396-S1	54639	42367	39311	39332	33502	32069
HD4397-S10	32562	25391	23835	23510	20350	19824
HD4397-S11	34699	26575	24734	24624	20463	20257
HD4397-S112_16	33462	26558	24788	24713	21659	21628
HD4397-S112_6	43585	32611	30634	30567	26924	26740
HD4397-S12	36410	28967	27620	27489	24637	24242
HD4397-S13	39399	31049	29276	29373	25250	25024
HD4397-S14	31909	27017	25583	25582	23006	22810
HD4397-S15	221067	170471	163541	164364	146871	135294
HD4397-S16	43941	34067	31935	31957	27307	26732
HD4397-S17	32082	24712	23050	23066	19470	19227
HD4397-S18	40646	30606	28561	28536	23807	23074
HD4397-S19	24273	18784	17552	17302	15043	14993
HD4397-S2	27956	21938	20956	20778	18532	18324
HD4397-S20	25138	19583	18420	18407	15985	15550
HD4397-S3	29614	24029	22523	22365	19368	19336
HD4397-S4	23339	17610	16445	16339	13904	13465
HD4397-S5	26811	20534	19075	18948	16100	15869
HD4397-S6	22831	17726	16851	16720	14819	14460
HD4397-S7	59510	45502	42120	42417	35533	33555
HD4397-S812_23	50298	38321	35934	35836	31625	30860
HD4397-S9	25287	20810	19330	19348	16850	16747
HD4398-S1	51573	40063	37200	37265	31973	31336
HD4399-S1	49180	38377	35761	35817	30817	29648
NTC	679	506	504	501	501	501
