input	filtered	denoisedF	denoisedR	merged	nonchim
10gEP114_S221	29312	29306	9570	9549	5918	5918
10gHD4371_S218	94964	94888	37919	37924	35270	35178
10gHD4379_S219	76914	76892	36670	36059	36033	35005
10gHD4397_S220	100476	100425	43531	44135	40432	40432
114-2152-PSME_2_S259	126488	126398	45415	45404	40250	40250
114-2152-PSME_S215	17640	17638	4141	4141	4044	4044
114-2164-PSME_2_S256	5748	5747	303	303	269	269
114-2164-PSME_S212	2965	2964	141	21	21	21
114-2170-4-NODE3_2_S255	18515	18484	4507	4483	4480	4480
114-2170-4-NODE3_S211	29036	28967	3650	3642	3642	3642
114-2177-1-NODE3_2_S253	9409	9409	677	677	0	0
114-2177-1-NODE3_S209	7519	7519	832	825	825	825
114-2191-1-ARME_2_S258	17359	17359	6715	6714	4312	4312
114-2191-1-ARME_S214	777	777	51	4	2	2
114-2203-1-NODE3_2_S252	640	637	2	1	0	0
114-2203-1-NODE3_S208	2492	2492	192	192	192	192
114-2211-2-NODE3_2_S251	1319	1319	5	1	0	0
114-2211-2-NODE3_S207	663	663	28	13	13	13
114-2228-2-ARME_2_S260	29975	29975	20296	20295	19026	19026
114-2228-2-ARME_S216	569	569	14	19	14	14
114-2237-PSME_2_S257	649	648	100	53	53	53
114-2237-PSME_S213	347	346	22	20	20	20
114-2277-NODE3_2_S254	1085	1084	59	50	43	43
114-2277-NODE3_S210	900	900	1	1	0	0
114-center-rebar_2_S250	19742	19740	9148	9141	7428	7428
114-center-rebar_S206	17030	17030	10570	10571	10570	10570
114-east-rebar_2_S247	7726	7723	3481	3479	3479	3479
114-east-rebar_S203	9804	9802	4102	4091	4091	4091
114-north-rebar_2_S246	74792	74790	9891	9876	9875	9875
114-north-rebar_S202	41137	41135	9633	9619	9619	9619
114-south-rebar_2_S248	2319	2313	58	59	0	0
114-south-rebar_S204	1238	1238	149	122	120	120
114-west-rebar_2_S249	3099	3099	1254	1254	1254	1254
114-west-rebar_S205	10055	10055	5764	5765	5764	5764
Dung1_1_S222	31133	31133	20022	20049	19707	19290
Dung1_2_S223	118374	118370	81705	81755	78273	76111
Dung1_3_S224	133305	133300	86524	86509	81436	79084
Dung2_1_S225	96408	96404	64786	64702	60731	48084
Dung2_2_S226	112321	112296	79697	79656	75963	64902
Dung2_3_S227	160564	160545	118114	118276	113482	100541
Dung3_1_S228	28989	28988	19363	19166	18977	18432
Dung3_2_S229	110441	110438	73683	73619	70864	66745
Dung3_3_S230	35829	35829	23803	23806	23229	22907
Dung4_1_S231	94503	94496	69384	69415	66783	63919
Dung4_2_S232	182507	182489	134636	134421	128616	114265
Dung4_3_S233	120577	120564	88343	88333	85547	79261
Dung5_1_S234	89385	89352	43493	43532	41496	38446
Dung5_2_S235	105348	105347	68293	68318	66104	59424
Dung5_3_S236	25658	25658	14204	14187	13971	13766
Dung6_1_S237	24644	24631	10489	10617	9247	8754
Dung6_2_S238	147579	147559	99829	99795	96906	94509
Dung6_3_S239	115340	115324	82678	82507	78844	74468
Dung7_1_S240	86806	86803	58549	58634	53180	49257
Dung7_2_S241	86604	86599	58594	58661	52541	48486
Dung7_3_S242	91438	91429	46526	46140	44916	43521
Dung8_1_S243	95388	95374	60259	60377	58300	55017
Dung8_2_S244	24003	24000	13889	13939	13027	12538
Dung8_3_S245	37025	37022	22250	22349	21210	20058
emptyextraction_S201	111	111	2	1	0	0
HD3901-S1_4401_S1	41310	41288	13939	13931	11208	11208
HD3902-S1_4400_S100	63598	63597	14443	14269	12493	12493
HD4301-S1_S2	49168	49155	27601	27601	26640	26511
HD4303-S1_S3	28276	28273	14074	14049	11644	10914
HD4304-S1_S4	11723	11723	6686	6685	6685	6685
HD4305-S1_S5	17587	17583	12077	12158	12071	12071
HD4306-S1_S6	9961	9960	3601	3644	3601	3601
HD4307-S1_S7	9388	9388	3935	3929	3881	3881
HD4308-S1_S8	9754	9753	3363	3359	3228	3225
HD4309-S1_S9	280147	280126	185346	185244	175106	175106
HD4310-S1_S10	41779	41705	10499	10526	10462	10462
HD4311-S1_S11	14746	14736	6144	6175	6119	6119
HD4312-S1_S12	160944	160927	117031	117047	112393	111863
HD4313-S1_S13	25129	25125	471	465	419	419
HD4314-S1_S14	45845	45838	24883	24604	22937	22678
HD4315-S1_S15	10736	10732	4700	4682	4666	4666
HD4316-S1_S16	22620	22617	8243	8268	8154	8154
HD4317-S1_S17	106681	106669	63472	63451	60602	56896
HD4318-S1_S18	86392	86390	45531	45420	43936	42241
HD4319-S1_S19	35918	35902	5604	5710	5596	5596
HD4320-S1_S20	8206	8178	130	130	130	130
HD4321-S1_S121	7709	7707	3589	3554	3552	3552
HD4321-S10_S130	43091	43090	23170	23165	23117	23044
HD4321-S11_S131	158190	158189	114856	114704	111270	104592
HD4321-S111_19_S21	20078	20078	3212	3215	3212	3212
HD4321-S12_S132	54323	54321	14672	14656	11934	11934
HD4321-S13_S133	16554	16554	5163	5105	5099	5099
HD4321-S14_S134	9328	9326	607	567	27	27
HD4321-S15_S135	29327	29325	20934	20974	20791	20782
HD4321-S16_S136	1061	1060	42	35	35	35
HD4321-S17_S137	20618	20616	12496	12464	12461	12461
HD4321-S18_S138	108351	108344	75347	75337	72993	71820
HD4321-S19_S139	78944	78942	35477	35425	35363	35202
HD4321-S2_S122	1355	1354	32	32	32	32
HD4321-S20_S140	27694	27678	1352	1324	1322	1322
HD4321-S3_S123	51159	51157	411	895	30	30
HD4321-S4_S124	158440	158440	98279	98392	61301	59953
HD4321-S5_S125	30433	30421	10683	10799	10679	10679
HD4321-S6_S126	100539	100478	32156	32153	32148	32148
HD4321-S7_S127	28780	28747	1829	1801	1801	1801
HD4321-S8_S128	9048	9048	440	423	421	421
HD4321-S9_S129	29764	29764	3082	2889	2624	2624
HD4322-S1_S22	27507	27505	20073	20073	19842	19842
HD4323-S1_S23	37872	37871	17276	17315	15392	15392
HD4324-S1_S24	54694	54692	16353	16448	15388	15388
HD4325-S1_S25	54420	54420	29404	29367	26059	26059
HD4326-S1_S26	35094	35072	8409	8406	8406	8406
HD4327-S1_S27	2718	2718	6	14	6	6
HD4328-S1_S28	7535	7529	2770	2757	2755	2755
HD4329-S1_S29	46140	46135	14535	14426	14422	14422
HD4330-S1_S30	53368	53361	34573	34576	33919	33827
HD4331-S1_S31	32877	32875	17981	17998	17979	17979
HD4332-S1_S32	51934	51934	30593	30435	30435	30435
HD4333-S1_S33	4625	4623	261	119	117	117
HD4334-S1_S34	55140	55137	36947	36951	36920	36863
HD4335-S1_S35	73693	73609	7607	7588	7574	7574
HD4336-S1_S161	16674	16674	7722	7800	7691	7691
HD4336-S10_S170	627	627	137	124	124	124
HD4336-S11_S171	21805	21777	6478	6475	6474	6474
HD4336-S111_23_S36	21476	21475	4277	4305	2850	2850
HD4336-S12_S172	47818	47810	23506	23621	20615	20605
HD4336-S13_S173	24713	24713	2019	2016	2016	2016
HD4336-S14_S174	8132	8132	22	126	0	0
HD4336-S15_S175	27356	27356	2145	2149	1557	1557
HD4336-S16_S176	62106	62062	24740	24713	24691	24691
HD4336-S17_S177	73111	73110	27315	27286	26189	26189
HD4336-S18_S178	59221	59201	18317	18317	18317	18317
HD4336-S19_S179	24926	24920	10993	10940	7769	7769
HD4336-S2_S162	39862	39862	12290	12272	12271	12271
HD4336-S20_S180	7275	7271	439	448	432	432
HD4336-S3_S163	15843	15841	4168	4140	2918	2918
HD4336-S4_S164	3659	3659	489	402	391	391
HD4336-S5_S165	37872	37869	15920	16014	15907	15907
HD4336-S6_S166	52991	52991	14103	14108	11399	11383
HD4336-S7_S167	31137	31136	13576	13508	11321	11321
HD4336-S8_S168	80112	80108	49464	49541	31248	31225
HD4336-S9_S169	46812	46810	15740	15730	14234	14234
HD4337-S1_S37	51778	51737	10248	10247	10244	10234
HD4338-S1_S38	17292	17286	8597	8683	8596	8596
HD4339-S1_S39	73012	73003	31951	31957	25530	25530
HD4340-S1_S40	40894	40892	26843	26948	26041	23828
HD4341-S1_S41	101912	101897	56994	57160	55134	55035
HD4342-S1_S42	49529	49517	18060	18213	17443	17443
HD4343-S1_S43	104177	104177	17188	17231	16326	16326
HD4344-S1_S44	36936	36918	14897	14723	14621	14621
HD4345-S1_S45	68393	68390	41264	41301	37713	37625
HD4346-S1_S46	36573	36564	591	655	534	534
HD4347-S1_S47	99569	99564	21266	21252	21212	21212
HD4348-S1_S48	96622	96595	34968	34870	28574	28574
HD4349-S1_S49	143972	143868	80178	80144	77783	77086
HD4350-S1_S50	21653	21635	5867	5867	4999	4999
HD4351-S1_S51	17169	17167	10704	10683	8969	8969
HD4352-S1_S52	56313	56312	19029	19003	13340	13340
HD4353-S1_S53	20836	20831	5199	5177	1375	1375
HD4354-S1_S54	3814	3813	1140	1130	1123	1123
HD4355-S1_S55	23968	23968	6769	6768	6768	6768
HD4356-S1_S56	86149	86146	49737	49734	49586	48194
HD4357-S1_S57	118312	118304	61564	61300	56520	56007
HD4358-S1_S58	18692	18664	7479	7469	5087	5087
HD4359-S1_S59	3800	3798	34	2	2	2
HD4360-S1_S60	79079	79078	47879	47730	45788	45787
HD4361-S1_S61	75421	75418	51846	51888	51813	51781
HD4362-S1_S62	43858	43854	30988	30985	30864	30864
HD4363-S1_S63	87936	87936	29281	29274	21687	21687
HD4364-S1_S64	18047	18047	10489	10426	9203	9203
HD4365-S1_S65	70436	70434	24308	24250	22707	22707
HD4366-S1_S66	100978	100978	27199	27213	14734	14734
HD4367-S1_S67	87464	87458	43160	43152	43053	41408
HD4368-S1_S68	9339	9339	3334	3415	3324	3324
HD4369-S1_S69	31411	31409	11233	11234	9796	9796
HD4370-S1_S70	14061	14058	6535	6453	4361	4361
HD4371-S1_S101	25589	25571	1289	1224	1209	1209
HD4371-S10_S110	84873	84768	26888	26796	26712	26704
HD4371-S11_S111	21006	20985	8222	8099	8099	8099
HD4371-S111_19_S71	22439	22433	600	577	577	577
HD4371-S12_S112	57949	57890	30020	29979	29862	29787
HD4371-S13_S113	61426	61302	14392	14376	14372	14372
HD4371-S14_S114	48583	48504	13540	13541	12277	12277
HD4371-S15_S115	19703	19703	10214	10203	9581	9581
HD4371-S16_S116	73261	73143	7743	7756	7695	7695
HD4371-S17_S117	60832	60794	29892	29988	27304	27304
HD4371-S18_S118	83005	82958	43991	43977	43159	43081
HD4371-S19_S119	97989	97862	41544	41533	41511	41360
HD4371-S2_S102	79114	79074	36707	36654	36528	36528
HD4371-S20_S120	132827	132598	35704	35659	28824	28824
HD4371-S3_S103	131977	131959	70580	70594	70429	70245
HD4371-S4_S104	97075	96906	33223	33197	32685	32598
HD4371-S5_S105	109243	109166	52826	52734	40028	40004
HD4371-S6_S106	104465	104311	27133	27305	27040	27040
HD4371-S7_S107	62953	62912	29626	29628	20431	20431
HD4371-S8_S108	13072	13043	901	864	271	271
HD4371-S9_S109	26085	26067	2412	2350	2044	2044
HD4372-S1_S72	41558	41469	7246	7196	7194	7194
HD4373-S1_S73	30692	30651	12946	12909	11635	11635
HD4374-S1_S74	34157	34156	19890	19897	19888	19888
HD4375-S1_S75	29652	29598	4366	4336	4335	4335
HD4376-S1_S76	12818	12818	1284	1262	1262	1262
HD4377-S1_S77	49733	49732	14733	14729	14729	14729
HD4378-S1_S78	51450	51448	27125	27131	23692	23692
HD4379-S1_S141	37458	37455	2831	2818	2818	2818
HD4379-S10_S150	3902	3901	125	72	72	72
HD4379-S11_S151	17087	17087	5000	5022	5000	5000
HD4379-S112_2_S79	16138	16137	1293	203	203	203
HD4379-S12_S152	71312	71309	13190	12934	12933	12933
HD4379-S13_S153	99963	99962	56360	56215	49757	49744
HD4379-S14_S154	23214	23214	6443	6435	6432	6432
HD4379-S15_S155	51013	51012	18820	18819	17906	17906
HD4379-S16_S156	24994	24992	1087	1129	1081	1081
HD4379-S17_S157	11662	11662	1419	1369	720	720
HD4379-S18_S158	36202	36202	9013	8942	8474	8474
HD4379-S19_S159	10636	10636	731	721	74	74
HD4379-S2_S142	15478	15478	1399	1142	626	626
HD4379-S20_S160	47320	47320	18801	18796	18773	18773
HD4379-S3_S143	10078	10077	857	857	45	45
HD4379-S4_S144	17946	17932	1490	1035	424	424
HD4379-S5_S145	32640	32639	6108	6071	6071	6071
HD4379-S6_S146	25385	25370	3434	3407	3404	3404
HD4379-S7_S147	6549	6547	492	131	69	69
HD4379-S8_S148	21321	21313	8621	8553	7915	7915
HD4379-S9_S149	50992	50992	29180	29116	29054	29027
HD4380-S1_S80	48650	48650	10007	9998	8137	8137
HD4381-S1_S81	72200	72177	23459	23458	23396	23396
HD4382-S1_S82	46990	46984	21125	21133	17437	17437
HD4383-S1_S83	73280	73277	47990	47867	45154	45095
HD4384-S1_S84	84177	84170	51604	51688	49873	49831
HD4385-S1_S85	5093	5093	968	941	941	941
HD4386-S1_S86	52717	52713	30398	30380	30357	30353
HD4387-S1_S87	25269	25226	6759	6714	6709	6709
HD4388-S1_S88	98282	98271	68758	68968	68331	68094
HD4389-S1_S89	73004	72999	21358	21357	14818	14818
HD4390-S1_S90	25428	25428	10067	10058	9779	9779
HD4391-S1_S91	66522	66518	34453	34449	22754	22754
HD4392-S1_S92	33500	33496	6599	6584	6420	6420
HD4393-S1_S93	66670	66583	24539	24531	22633	22633
HD4394-S1_S94	7482	7465	198	166	163	163
HD4395-S1_S95	52138	52138	16587	16443	14545	14542
HD4396-S1_S96	38501	38496	26269	26269	25964	25752
HD4397-S1_S181	255761	255734	183820	183832	177628	175283
HD4397-S1_S97	58893	58850	25594	25731	24923	24878
HD4397-S10_S190	79155	79082	20076	20061	15524	15521
HD4397-S11_S191	17960	17953	7906	7738	6822	6822
HD4397-S12_S192	58392	58392	13029	13026	13026	13026
HD4397-S13_S193	31236	31234	16635	16576	16329	16329
HD4397-S14_S194	4879	4878	2012	1986	1986	1986
HD4397-S15_S195	324871	324844	182227	182054	112619	110521
HD4397-S16_S196	105475	105461	36135	36076	31069	31069
HD4397-S17_S197	6862	6862	1081	1079	668	668
HD4397-S18_S198	45392	45351	12659	12644	12115	12115
HD4397-S19_S199	19717	19716	12122	12130	12121	12121
HD4397-S2_S182	30071	30043	13102	13103	12560	12560
HD4397-S20_S200	90432	90428	38121	38105	25250	25238
HD4397-S3_S183	14338	14338	1639	1606	1603	1603
HD4397-S4_S184	75671	75641	46245	46233	44246	44188
HD4397-S5_S185	37508	37502	21603	21565	19471	19469
HD4397-S6_S186	22694	22691	10102	10098	10098	10098
HD4397-S7_S187	10716	10713	4419	4384	4210	4210
HD4397-S8_S188	18100	18100	9212	9135	9003	9003
HD4397-S9_S189	26400	26400	10577	10630	8623	8623
HD4398-S1_S98	49175	49175	18417	18335	18332	18332
HD4399-S1_S99	44794	44776	22371	22386	21645	18973
NTC_S217	69	69	1	1	0	0
