input	filtered	denoisedF	denoisedR	merged	nonchim
10gEP114_S220	29887	16008	15576	15489	14730	14728
10gHD4371_S217	16786	11195	10384	10181	9675	9630
10gHD4379_S218	20251	13511	12887	12696	12197	12195
10gHD4397_S219	35140	19107	18178	17797	17246	17245
114-2152-PSME_S214	65856	31381	31016	30948	30726	30722
114-2164-PSME_S211	34214	25032	24829	24767	24567	24567
114-2170-4-NODE3_S210	22309	10540	10197	10175	9917	9916
114-2177-1-NODE3_S208	35015	19257	19059	18985	18901	18684
114-2191-1-ARME_S213	44450	28871	28549	28510	28016	28016
114-2203-1-NODE3_S207	33934	25584	25328	25284	24846	24846
114-2211-2-NODE3_S206	56818	46506	46051	46190	45694	45694
114-2228-2-ARME_S215	58198	50061	49647	49691	41741	41741
114-2237-PSME_S212	40212	22918	22557	22430	21975	21975
114-2277-NODE3_S209	34043	26651	26315	26295	25793	25793
114-center-rebar_S205	25607	16077	15772	15744	15550	15550
114-east-rebar_S202	27011	18120	17826	17771	17583	17583
114-north-rebar_S201	57198	43572	43051	43074	42648	42645
114-south-rebar_S203	36381	22548	22305	22210	21932	21932
114-west-rebar_S204	27305	16611	16370	16355	15986	15948
Dung1_1_S221	108120	78178	77548	77576	76661	76608
Dung1_2_S222	61354	45999	45523	45471	44877	44827
Dung1_3_S223	61577	42492	41920	41829	41246	41219
Dung2_1_S224	63470	47573	47121	47046	46530	46203
Dung2_2_S225	58895	37692	37301	37085	36759	36260
Dung2_3_S226	82071	50243	49926	49743	49382	49099
Dung3_1_S227	53124	33762	33281	33202	32754	32725
Dung3_2_S228	82818	48530	48060	47793	47144	47102
Dung3_3_S229	110422	82202	81711	81541	80780	80621
Dung4_1_S230	89649	65087	64605	64426	63806	63352
Dung4_2_S231	63738	50485	50079	50027	49790	49437
Dung4_3_S232	59851	44954	44589	44535	44026	43692
Dung5_1_S233	46431	35642	35192	35090	34488	34429
Dung5_2_S234	39719	30025	29602	29525	28703	28665
Dung5_3_S235	56654	35467	35036	34979	34065	34039
Dung6_1_S236	54329	40570	40171	40147	39807	39570
Dung6_2_S237	84770	37820	37465	37158	36899	36706
Dung6_3_S238	50476	25309	25027	24867	24677	24207
Dung7_1_S239	58845	24595	24246	24013	23691	23671
Dung7_2_S240	55281	31364	30810	30659	30163	30006
Dung7_3_S241	50206	37105	36626	36565	36047	36030
Dung8_1_S242	43253	30428	30093	30057	29784	29585
Dung8_2_S243	58962	42139	41842	41760	41297	41103
Dung8_3_S244	77536	58035	57673	57580	56923	56653
emptyextraction_S200	23	8	1	1	0	0
HD3901-S1_4401__S1	55682	47441	46582	46450	45810	45809
HD3902-S1_4400__S99	62993	55657	55099	54956	54491	54491
HD4301-S1_S2	71036	54240	53143	53054	51633	51632
HD4303-S1_S3	53748	28626	28217	28199	27900	27898
HD4304-S1_S4	65075	51074	50187	50227	49152	49145
HD4305-S1_S245	49205	7061	6800	6495	6361	6361
HD4306-S1_S5	56597	45670	45264	45235	44983	44958
HD4307-S1_S6	47007	35617	34921	34755	34088	34088
HD4308-S1_S7	52977	45043	44047	43930	43142	43140
HD4309-S1_S8	54702	41823	40659	40379	39214	39203
HD4310-S1_S9	59727	45605	44439	44481	42809	42805
HD4311-S1_S10	59056	48709	47925	47898	45969	45836
HD4312-S1_S11	48153	37830	37025	36868	35880	35812
HD4313-S1_S12	46079	37478	36818	36783	36313	36312
HD4314-S1_S13	49986	40499	39285	39092	37963	37963
HD4315-S1_S14	40298	31155	30205	29890	29156	29067
HD4316-S1_S15	72534	63655	63000	62592	62085	62059
HD4317-S1_S16	49690	42199	41109	40865	40063	40052
HD4318-S1_S17	141318	103696	102097	102195	99171	99021
HD4319-S1_S18	49465	38434	37434	37185	36096	35970
HD4320-S1_S19	63012	54514	53943	53821	53399	53397
HD4321-S10_S129	63231	56446	55866	55814	55211	55210
HD4321-S11_S130	66992	50946	50245	50022	49179	49116
HD4321-S111_19_S20	83040	68933	68189	67965	66941	66931
HD4321-S112_9_S120	113521	95845	95191	95064	93627	93620
HD4321-S12_S131	54822	48425	47864	47796	47048	47045
HD4321-S13_S132	40922	35342	34668	34527	33709	33705
HD4321-S14_S133	122678	106057	105424	105273	104566	104564
HD4321-S15_S134	77885	63381	62745	62649	61826	61806
HD4321-S16_S135	152725	111443	110578	110468	108639	108630
HD4321-S17_S136	122204	91023	89964	89669	88560	88544
HD4321-S18_S137	99715	76063	74961	74931	73592	73590
HD4321-S19_S138	108239	87330	86209	86059	84875	84852
HD4321-S2_S121	122089	108707	108203	108240	107698	107698
HD4321-S20_S139	48331	39156	38587	38580	37855	37855
HD4321-S3_S122	86832	77402	76904	76773	76059	76043
HD4321-S4_S123	66997	55999	55425	55338	54081	54065
HD4321-S5_S124	39322	32924	32411	32457	32146	32144
HD4321-S6_S125	53750	43593	42985	42795	37570	37563
HD4321-S7_S126	54664	43537	42889	42765	41529	41522
HD4321-S8_S127	62798	50943	50459	50351	49670	49666
HD4321-S9_S128	18350	15419	14952	14937	14631	14627
HD4322-S1_S21	66753	52982	51920	51873	50722	50629
HD4323-S1_S22	41765	36155	35276	35135	34332	34301
HD4324-S1_S23	40225	32469	31311	31365	30212	30212
HD4325-S1_S24	71384	61578	60835	60656	59813	59802
HD4326-S1_S25	65091	54067	53165	52983	51719	51715
HD4327-S1_S26	63357	51557	50998	51008	50370	50357
HD4328-S1_S27	60070	48225	47464	47327	45103	45032
HD4329-S1_S28	77274	45695	45014	44935	44419	44419
HD4330-S1_S29	83886	68234	67026	66820	65340	65287
HD4331-S1_S30	24275	7198	6899	6795	6640	6640
HD4332-S1_S31	46831	36857	36456	36387	36201	36199
HD4333-S1_S32	50595	39810	38998	38945	38118	38115
HD4334-S1_S33	64856	48478	47598	47606	46484	46441
HD4335-S1_S34	57782	48379	47593	47570	46501	46495
HD4336-S10_S169	119805	90549	90129	90023	88776	88685
HD4336-S11_S170	71311	57922	57248	57178	55574	55555
HD4336-S111_23_S35	88613	74909	73997	73998	72969	72968
HD4336-S112_15_S160	96392	79179	78323	78229	77138	77130
HD4336-S12_S171	179552	126329	125214	125183	123974	123964
HD4336-S13_S172	52176	43318	42794	42794	42450	42450
HD4336-S14_S173	46655	38735	38390	38386	38097	38087
HD4336-S15_S174	47648	38892	38351	38275	37591	37586
HD4336-S16_S175	70186	53769	52832	52681	51874	51866
HD4336-S17_S176	92924	79670	78958	78804	77840	77800
HD4336-S18_S177	92681	72189	71226	71083	69316	69316
HD4336-S19_S178	107784	96138	95506	95478	94655	94523
HD4336-S2_S161	77284	64410	63936	63926	62984	62980
HD4336-S20_S179	71590	65254	64674	64483	63823	63707
HD4336-S3_S162	101788	91945	91319	91261	90856	90757
HD4336-S4_S163	78104	70186	69687	69559	68957	68929
HD4336-S5_S164	42954	39174	38735	38629	38171	38158
HD4336-S6_S165	50058	40463	39955	39911	39639	39605
HD4336-S7_S166	127263	112683	111862	111750	111079	110894
HD4336-S8_S167	111215	81431	80339	80533	78480	78475
HD4336-S9_S168	91581	76626	76019	75935	74852	74849
HD4337-S1_S36	59858	47280	46618	46605	45856	45832
HD4338-S1_S37	59770	48838	48018	47784	46921	46919
HD4339-S1_S38	32499	26376	25864	25725	25069	25062
HD4340-S1_S39	113991	94762	93612	93400	91848	91769
HD4341-S1_S40	60931	50277	49120	48825	47764	47762
HD4342-S1_S41	47092	31881	30543	30424	29172	29170
HD4343-S1_S42	91649	71847	71205	71037	70310	70198
HD4344-S1_S43	93843	79157	77411	77934	76174	76032
HD4345-S1_S44	75955	63145	61990	61783	60764	60760
HD4346-S1_S45	79956	66466	65624	65528	64777	64775
HD4347-S1_S46	54240	44843	44025	43895	43180	43180
HD4348-S1_S47	68854	57217	56347	56192	55269	55235
HD4349-S1_S48	69346	57429	56803	56709	56058	55866
HD4350-S1_S49	28748	19287	18927	18896	18587	18586
HD4351-S1_S50	63662	50214	49571	49612	48814	48813
HD4352-S1_S51	59268	51695	51140	51033	50624	50546
HD4353-S1_S52	46932	42684	42056	42008	41182	41180
HD4354-S1_S53	65997	56261	55708	55554	54670	54668
HD4355-S1_S54	33342	26781	26194	26155	25385	25385
HD4356-S1_S55	64287	51709	51031	50965	50456	50382
HD4357-S1_S56	41357	24699	23663	23424	22399	22368
HD4358-S1_S57	30951	25245	24743	24732	24401	24394
HD4359-S1_S58	47033	38881	38411	38386	38084	38084
HD4360-S1_S59	60380	49031	48047	47929	47171	46777
HD4361-S1_S60	57587	40964	39748	39427	37841	37825
HD4362-S1_S61	37878	28704	28056	27963	27521	27438
HD4363-S1_S62	25989	17461	16704	16697	16006	16006
HD4364-S1_S63	38459	28740	27927	27892	26866	26849
HD4365-S1_S64	41494	26085	25233	24964	23993	23993
HD4366-S1_S65	51774	37175	36126	36090	34966	34963
HD4367-S1_S66	44927	40418	39989	39902	39739	39710
HD4368-S1_S67	46090	34519	33845	33632	32892	32882
HD4369-S1_S68	38940	31110	30224	30105	29141	29135
HD4370-S1_S69	34439	29156	28511	28448	27692	27525
HD4371-S10_S109	58922	51788	51026	50995	50190	50117
HD4371-S11_S110	53114	45812	45330	45206	44923	44923
HD4371-S111_19_S70	31613	26635	26257	26208	25836	25731
HD4371-S112_7_S100	87060	77149	76481	76501	75904	75793
HD4371-S12_S111	51117	38797	38190	38043	37709	37657
HD4371-S13_S112	52778	39605	38790	38701	37779	37778
HD4371-S14_S113	67857	57604	56857	56847	55744	55732
HD4371-S15_S114	58474	48172	47091	47065	45649	45649
HD4371-S16_S115	51876	35872	35324	35258	34690	34600
HD4371-S17_S116	35168	31181	30577	30491	30073	30073
HD4371-S18_S117	37512	31218	30473	30390	29963	29959
HD4371-S19_S118	50214	41405	40870	40891	40527	39952
HD4371-S2_S101	122244	98754	97954	97961	97300	97264
HD4371-S20_S119	44202	34340	33528	33481	32834	32833
HD4371-S3_S102	54596	46925	46605	46621	46391	46328
HD4371-S4_S103	48980	38812	38103	37903	37456	37321
HD4371-S5_S104	57515	47482	46902	46812	46440	46433
HD4371-S6_S105	73482	57208	56662	56629	56147	56146
HD4371-S7_S106	57187	46227	45775	45702	45452	45450
HD4371-S8_S107	50542	40234	39622	39557	39098	39098
HD4371-S9_S108	69045	40219	39589	39547	38961	38949
HD4372-S1_S71	28115	12227	11968	11877	11754	11754
HD4373-S1_S72	32495	27442	27180	27108	26644	26644
HD4374-S1_S73	60465	45933	44931	44788	43371	43221
HD4375-S1_S74	41935	35529	34623	34603	34105	34101
HD4376-S1_S75	49954	39327	38642	38670	37756	37754
HD4377-S1_S76	31716	25108	24528	24489	23843	23780
HD4378-S1_S77	34415	31210	30695	30717	30254	30242
HD4379-S10_S149	139386	106683	106039	105916	104784	104765
HD4379-S11_S150	82206	58071	57065	56867	55555	55526
HD4379-S112_13_S140	47191	37826	36884	36849	36230	36227
HD4379-S112_2_S78	26337	18561	17850	17830	17318	17317
HD4379-S12_S151	114800	108391	107922	107768	107428	107428
HD4379-S13_S152	103068	74664	74120	73998	73339	73337
HD4379-S14_S153	89858	67558	66763	66783	65920	65915
HD4379-S15_S154	109133	91986	91296	91174	90640	90566
HD4379-S16_S155	52318	45953	45471	45352	44903	44790
HD4379-S17_S156	74705	53522	52858	52782	52020	52012
HD4379-S18_S157	62129	49224	48578	48561	48051	48045
HD4379-S19_S158	77929	65239	64561	64274	63629	63590
HD4379-S2_S141	83243	62160	61700	61521	60800	60783
HD4379-S20_S159	95576	80435	79897	79889	79195	79187
HD4379-S3_S142	52025	44459	43873	43844	43512	43512
HD4379-S4_S143	90445	85309	84849	84878	84428	84412
HD4379-S5_S144	114582	90817	90120	90058	89356	89318
HD4379-S6_S145	99401	88324	87721	87585	86961	86917
HD4379-S7_S146	83062	69309	68801	68878	68292	68291
HD4379-S8_S147	46199	36087	35565	35483	35087	35086
HD4379-S9_S148	74506	56307	55017	54787	53792	53789
HD4380-S1_S79	37228	31975	31365	31284	30906	30900
HD4381-S1_S80	27976	20413	19756	19756	18906	18901
HD4382-S1_S81	19126	14223	13489	13365	13090	13088
HD4383-S1_S82	41284	30850	29565	29552	27823	27821
HD4384-S1_S83	62956	51760	50533	50564	48704	48693
HD4385-S1_S84	25834	15489	14740	14818	14130	14130
HD4386-S1_S85	32836	29198	28690	28639	28296	28296
HD4387-S1_S86	36318	32299	31828	31821	31456	31423
HD4388-S1_S87	30501	11312	10784	10755	10225	10224
HD4389-S1_S88	28307	18773	18011	18011	17622	17609
HD4390-S1_S89	54089	40052	39415	39478	38904	38867
HD4391-S1_S90	53221	39649	38822	38611	37853	37852
HD4392-S1_S91	29947	26347	26009	25879	25567	25472
HD4393-S1_S92	17885	15139	14675	14690	14109	14101
HD4394-S1_S93	85321	75532	75166	75072	74690	74543
HD4395-S1_S94	68154	57750	57010	56887	56221	56040
HD4396-S1_S95	67523	52525	51407	51282	50022	49978
HD4397-S10_S189	55045	35781	34935	34591	33861	33861
HD4397-S11_S190	59141	48789	48189	48186	47697	47697
HD4397-S112_16_S180	47567	35552	34853	34778	34154	34153
HD4397-S112_6_S96	68530	50905	49910	49746	48756	48734
HD4397-S12_S191	72581	56564	56056	56062	55378	55328
HD4397-S13_S192	51013	36964	36399	36327	35798	35790
HD4397-S14_S193	71498	53419	52774	52685	52081	52079
HD4397-S15_S194	33405	18032	17462	17176	16782	16781
HD4397-S16_S195	31417	16618	16017	15812	15306	15301
HD4397-S17_S196	38519	28033	27711	27634	27399	27370
HD4397-S18_S197	51485	31604	30858	30796	30323	30317
HD4397-S19_S198	95463	63325	62348	62146	60779	60779
HD4397-S2_S181	56813	29473	28772	28588	27379	27378
HD4397-S20_S199	59128	41353	40769	40738	38400	38393
HD4397-S3_S182	62001	30876	30293	30168	29459	29455
HD4397-S4_S183	65325	52044	51201	51215	50566	50540
HD4397-S5_S184	82788	64861	64141	64088	63179	63007
HD4397-S6_S185	46642	33480	33077	33035	32755	32737
HD4397-S7_S186	39323	27409	26663	26628	26099	26092
HD4397-S8_S187	47912	29451	28739	28770	28109	28108
HD4397-S9_S188	47167	30392	29993	29929	29565	29564
HD4398-S1_S97	92290	69582	68606	68241	67027	67023
HD4399-S1_S98	91551	65625	64329	64295	61330	61327
NTC_S216	11	3	1	1	0	0
